<?xml version="1.0" encoding="UTF-8"?>
<testsuite name="rs.ftn.rpgtracker.LevelCalculatorTest" tests="4" skipped="0" failures="0" errors="0" timestamp="2025-09-13T09:29:26.728Z" hostname="DESKTOP-CG1TV62" time="0.05">
  <properties/>
  <testcase name="scalingNormal" classname="rs.ftn.rpgtracker.LevelCalculatorTest" time="0.022"/>
  <testcase name="ppRewards" classname="rs.ftn.rpgtracker.LevelCalculatorTest" time="0.0"/>
  <testcase name="xpThresholds" classname="rs.ftn.rpgtracker.LevelCalculatorTest" time="0.005"/>
  <testcase name="scalingXImportant" classname="rs.ftn.rpgtracker.LevelCalculatorTest" time="0.003"/>
  <system-out><![CDATA[]]></system-out>
  <system-err><![CDATA[]]></system-err>
</testsuite>
